<?xml version="1.0" encoding="utf-8"?><testsuites><testsuite name="pytest" errors="0" failures="0" skipped="0" tests="0" time="0.031" timestamp="2021-08-29T16:22:14.866282" hostname="DESKTOP-TPMTO4A" /></testsuites>